<?xml version="1.0" encoding="UTF-8"?>
<!-- Generated by org.testng.reporters.JUnitReportReporter -->
<testsuite hostname="WIN-MS1S76AP6MH" name="com.symantec.dbshare.server.MockMvcTest" tests="3" failures="0" timestamp="6 Jan 2015 00:07:19 GMT" time="0.514" errors="0">
  <testcase name="testDBSharesHome" time="0.024" classname="com.symantec.dbshare.server.MockMvcTest"/>
  <testcase name="testCreateEmptyDBShare" time="0.322" classname="com.symantec.dbshare.server.MockMvcTest"/>
  <testcase name="testUnexpcetedException" time="0.168" classname="com.symantec.dbshare.server.MockMvcTest"/>
</testsuite> <!-- com.symantec.dbshare.server.MockMvcTest -->
