<?xml version="1.0" encoding="UTF-8"?>
<!-- Generated by org.testng.reporters.JUnitReportReporter -->
<testsuite hostname="WIN-MS1S76AP6MH" name="com.symantec.dbshare.server.DBShareServiceTest" tests="13" failures="0" timestamp="6 Jan 2015 00:07:19 GMT" time="0.798" errors="0">
  <testcase name="testGetDBShare_NoException" time="0.006" classname="com.symantec.dbshare.server.DBShareServiceTest"/>
  <testcase name="testCreateDBShare_NullId" time="0.009" classname="com.symantec.dbshare.server.DBShareServiceTest"/>
  <testcase name="testGetDBShareStatus_ExpectedNull" time="0.044" classname="com.symantec.dbshare.server.DBShareServiceTest"/>
  <testcase name="testGetDBShare_Success" time="0.036" classname="com.symantec.dbshare.server.DBShareServiceTest"/>
  <testcase name="testLoadDBShare_WithEmptyFile" time="0.003" classname="com.symantec.dbshare.server.DBShareServiceTest"/>
  <testcase name="testSaveDBShareStatus_getDBShareStatus_ExpectedSuccess" time="0.062" classname="com.symantec.dbshare.server.DBShareServiceTest"/>
  <testcase name="testLoadDBShare_WithFile" time="0.022" classname="com.symantec.dbshare.server.DBShareServiceTest"/>
  <testcase name="testCreateDBShare_EnterNull" time="0.003" classname="com.symantec.dbshare.server.DBShareServiceTest"/>
  <testcase name="testCreateDBShare_EmptyId" time="0.454" classname="com.symantec.dbshare.server.DBShareServiceTest"/>
  <testcase name="testRunStorageWorker" time="0.003" classname="com.symantec.dbshare.server.DBShareServiceTest"/>
  <testcase name="testSearchDBShares_ExpectedSuccess" time="0.066" classname="com.symantec.dbshare.server.DBShareServiceTest"/>
  <testcase name="testCreateDBShare_ExpectedSuccess" time="0.088" classname="com.symantec.dbshare.server.DBShareServiceTest"/>
  <testcase name="testLoadDBShare_NoFile" time="0.002" classname="com.symantec.dbshare.server.DBShareServiceTest"/>
</testsuite> <!-- com.symantec.dbshare.server.DBShareServiceTest -->
