<?xml version="1.0" encoding="UTF-8"?>
<!-- Generated by org.testng.reporters.JUnitReportReporter -->
<testsuite hostname="WIN-MS1S76AP6MH" name="com.symantec.dbshare.server.DBShareControllerTest" tests="5" failures="0" timestamp="6 Jan 2015 00:07:19 GMT" time="0.248" errors="0">
  <testcase name="testValidationError_EmptyObject" time="0.035" classname="com.symantec.dbshare.server.DBShareControllerTest"/>
  <testcase name="testGetDBShare" time="0.030" classname="com.symantec.dbshare.server.DBShareControllerTest"/>
  <testcase name="testCreateDBShare" time="0.095" classname="com.symantec.dbshare.server.DBShareControllerTest"/>
  <testcase name="testGetDBShareStatus" time="0.003" classname="com.symantec.dbshare.server.DBShareControllerTest"/>
  <testcase name="testSearchDBShares" time="0.085" classname="com.symantec.dbshare.server.DBShareControllerTest"/>
</testsuite> <!-- com.symantec.dbshare.server.DBShareControllerTest -->
