<?xml version="1.0" encoding="UTF-8"?>
<!-- Generated by org.testng.reporters.JUnitReportReporter -->
<testsuite hostname="WIN-MS1S76AP6MH" name="com.symantec.dbshare.server.ReceiverTest" tests="4" failures="0" timestamp="6 Jan 2015 00:07:19 GMT" time="0.182" errors="0">
  <testcase name="testOnMessage_throwException" time="0.003" classname="com.symantec.dbshare.server.ReceiverTest"/>
  <testcase name="testOnMessage_NullMessage" time="0.005" classname="com.symantec.dbshare.server.ReceiverTest"/>
  <testcase name="testOnMessage_NullDBShare" time="0.118" classname="com.symantec.dbshare.server.ReceiverTest"/>
  <testcase name="testOnMessage_ValidMessage" time="0.056" classname="com.symantec.dbshare.server.ReceiverTest"/>
</testsuite> <!-- com.symantec.dbshare.server.ReceiverTest -->
